<?xml version="1.0" encoding="UTF-8"?><testrun name="TestRunner" project="SeleniumUI" tests="1" started="1" failures="0" errors="1" ignored="0">
  <testsuite name="StepDefinitions.TestRunner" time="109.319">
    <testsuite name="feature to Investing Home Menu" time="109.319">
      <testcase name="Open Main Menu with name Investing" classname="feature to Investing Home Menu" time="109.319">
        <error>org.openqa.selenium.NoSuchElementException: no such element: Unable to locate element: {"method":"xpath","selector":"//*[text() = 'Proses pembukaan rekening saham membutuhkan waktu kurang lebih']"}
  (Session info: chrome=100.0.4896.127)
For documentation on this error, please visit: https://selenium.dev/exceptions/#no_such_element
Build info: version: '4.1.3', revision: '7b1ebf28ef'
System info: host: '192.168.1.8', ip: '2001:448a:2082:c86f:c08e:2952:d44e:5735%en0', os.name: 'Mac OS X', os.arch: 'x86_64', os.version: '10.15.7', java.version: '16'
Driver info: org.openqa.selenium.chrome.ChromeDriver
Command: [db4aa77281bc41c5f496d26af7cc5043, findElement {using=xpath, value=//*[text() = 'Proses pembukaan rekening saham membutuhkan waktu kurang lebih']}]
Capabilities {acceptInsecureCerts: false, browserName: chrome, browserVersion: 100.0.4896.127, chrome: {chromedriverVersion: 100.0.4896.60 (6a5d10861ce8..., userDataDir: /var/folders/dq/hgw779ys2h7...}, goog:chromeOptions: {debuggerAddress: localhost:57267}, javascriptEnabled: true, networkConnectionEnabled: false, pageLoadStrategy: normal, platform: MAC, platformName: MAC, proxy: Proxy(), se:cdp: ws://localhost:57267/devtoo..., se:cdpVersion: 100.0.4896.127, setWindowRect: true, strictFileInteractability: false, timeouts: {implicit: 0, pageLoad: 300000, script: 30000}, unhandledPromptBehavior: dismiss and notify, webauthn:extension:credBlob: true, webauthn:extension:largeBlob: true, webauthn:virtualAuthenticators: true}
Session ID: db4aa77281bc41c5f496d26af7cc5043
	at java.base/jdk.internal.reflect.NativeConstructorAccessorImpl.newInstance0(Native Method)
	at java.base/jdk.internal.reflect.NativeConstructorAccessorImpl.newInstance(NativeConstructorAccessorImpl.java:78)
	at java.base/jdk.internal.reflect.DelegatingConstructorAccessorImpl.newInstance(DelegatingConstructorAccessorImpl.java:45)
	at java.base/java.lang.reflect.Constructor.newInstanceWithCaller(Constructor.java:499)
	at java.base/java.lang.reflect.Constructor.newInstance(Constructor.java:480)
	at org.openqa.selenium.remote.codec.w3c.W3CHttpResponseCodec.createException(W3CHttpResponseCodec.java:200)
	at org.openqa.selenium.remote.codec.w3c.W3CHttpResponseCodec.decode(W3CHttpResponseCodec.java:133)
	at org.openqa.selenium.remote.codec.w3c.W3CHttpResponseCodec.decode(W3CHttpResponseCodec.java:53)
	at org.openqa.selenium.remote.HttpCommandExecutor.execute(HttpCommandExecutor.java:184)
	at org.openqa.selenium.remote.service.DriverCommandExecutor.invokeExecute(DriverCommandExecutor.java:167)
	at org.openqa.selenium.remote.service.DriverCommandExecutor.execute(DriverCommandExecutor.java:142)
	at org.openqa.selenium.remote.RemoteWebDriver.execute(RemoteWebDriver.java:567)
	at org.openqa.selenium.remote.ElementLocation$ElementFinder$2.findElement(ElementLocation.java:162)
	at org.openqa.selenium.remote.ElementLocation.findElement(ElementLocation.java:60)
	at org.openqa.selenium.remote.RemoteWebDriver.findElement(RemoteWebDriver.java:385)
	at org.openqa.selenium.remote.RemoteWebDriver.findElement(RemoteWebDriver.java:377)
	at StepDefinitions.ControllerVerify.verify_Investing_menu(ControllerVerify.java:53)
	at âœ½.Verify all element Investing menu is exist(file:///Users/rifan.meldiana/Documents/rifan%20selenium/SeleniumUI/src/test/resources/features/Investing_Menu.feature:9)

</error>
      </testcase>
    </testsuite>
  </testsuite>
</testrun>
