<?xml version="1.0" encoding="UTF-8"?><testrun name="TestRunner" project="SeleniumUI" tests="1" started="1" failures="0" errors="1" ignored="0">
  <testsuite name="StepDefinitions.TestRunner" time="20.685">
    <testsuite name="feature to test google search functionality #1" time="20.685">
      <testcase name="Open Main Menu with name Investing" classname="feature to test google search functionality #1" time="20.685">
        <error>org.openqa.selenium.TimeoutException: timeout: Timed out receiving message from renderer: 10.000
  (Session info: chrome=100.0.4896.127)
Build info: version: '4.1.3', revision: '7b1ebf28ef'
System info: host: '192.168.1.8', ip: '2001:448a:2082:c86f:38a8:c9a2:770a:543f%en0', os.name: 'Mac OS X', os.arch: 'x86_64', os.version: '10.15.7', java.version: '16'
Driver info: org.openqa.selenium.chrome.ChromeDriver
Command: [34a5c8292a117d84d1d9574babe6c83e, sendKeysToElement {id=593dc2c5-cef8-4590-afff-26d96a2758f8, value=[Ljava.lang.CharSequence;@6af5bbd0}]
Capabilities {acceptInsecureCerts: false, browserName: chrome, browserVersion: 100.0.4896.127, chrome: {chromedriverVersion: 100.0.4896.60 (6a5d10861ce8..., userDataDir: /var/folders/dq/hgw779ys2h7...}, goog:chromeOptions: {debuggerAddress: localhost:59639}, javascriptEnabled: true, networkConnectionEnabled: false, pageLoadStrategy: normal, platform: MAC, platformName: MAC, proxy: Proxy(), se:cdp: ws://localhost:59639/devtoo..., se:cdpVersion: 100.0.4896.127, setWindowRect: true, strictFileInteractability: false, timeouts: {implicit: 0, pageLoad: 300000, script: 30000}, unhandledPromptBehavior: dismiss and notify, webauthn:extension:credBlob: true, webauthn:extension:largeBlob: true, webauthn:virtualAuthenticators: true}
Element: [[ChromeDriver: chrome on MAC (34a5c8292a117d84d1d9574babe6c83e)] -&gt; xpath: //*[contains(text(), 'Investing')]]
Session ID: 34a5c8292a117d84d1d9574babe6c83e
	at java.base/jdk.internal.reflect.NativeConstructorAccessorImpl.newInstance0(Native Method)
	at java.base/jdk.internal.reflect.NativeConstructorAccessorImpl.newInstance(NativeConstructorAccessorImpl.java:78)
	at java.base/jdk.internal.reflect.DelegatingConstructorAccessorImpl.newInstance(DelegatingConstructorAccessorImpl.java:45)
	at java.base/java.lang.reflect.Constructor.newInstanceWithCaller(Constructor.java:499)
	at java.base/java.lang.reflect.Constructor.newInstance(Constructor.java:480)
	at org.openqa.selenium.remote.codec.w3c.W3CHttpResponseCodec.createException(W3CHttpResponseCodec.java:200)
	at org.openqa.selenium.remote.codec.w3c.W3CHttpResponseCodec.decode(W3CHttpResponseCodec.java:133)
	at org.openqa.selenium.remote.codec.w3c.W3CHttpResponseCodec.decode(W3CHttpResponseCodec.java:53)
	at org.openqa.selenium.remote.HttpCommandExecutor.execute(HttpCommandExecutor.java:184)
	at org.openqa.selenium.remote.service.DriverCommandExecutor.invokeExecute(DriverCommandExecutor.java:167)
	at org.openqa.selenium.remote.service.DriverCommandExecutor.execute(DriverCommandExecutor.java:142)
	at org.openqa.selenium.remote.RemoteWebDriver.execute(RemoteWebDriver.java:567)
	at org.openqa.selenium.remote.RemoteWebElement.execute(RemoteWebElement.java:251)
	at org.openqa.selenium.remote.RemoteWebElement.sendKeys(RemoteWebElement.java:107)
	at StepDefinitions.ControllerClick.click_investing(ControllerClick.java:58)
	at âœ½.click menu with name "Investing"(file:///Users/rifan.meldiana/Documents/rifan%20selenium/SeleniumUI/src/test/resources/features/Investing_Menu.feature:7)

</error>
      </testcase>
    </testsuite>
  </testsuite>
</testrun>
