<?xml version="1.0" encoding="UTF-8"?><testrun name="TestRunner" project="SeleniumUI" tests="2" started="2" failures="0" errors="4" ignored="0">
  <testsuite name="StepDefinitions.TestRunner" time="0.159">
    <testsuite name="feature to test google search functionality #2" time="0.159">
      <testcase name="Open Main Menu with name Investing" classname="feature to test google search functionality #2" time="0.147">
        <error>java.lang.IllegalStateException: The driver executable must exist: /Users/rifan.meldiana/Documents/rifan selenium/SeleniumUI/src/test/resources/drivers/chromedriver.exe
	at org.openqa.selenium.internal.Require$FileStateChecker.isFile(Require.java:342)
	at org.openqa.selenium.remote.service.DriverService.checkExecutable(DriverService.java:147)
	at org.openqa.selenium.remote.service.DriverService.findExecutable(DriverService.java:142)
	at org.openqa.selenium.chrome.ChromeDriverService.access$000(ChromeDriverService.java:38)
	at org.openqa.selenium.chrome.ChromeDriverService$Builder.findDefaultExecutable(ChromeDriverService.java:231)
	at org.openqa.selenium.remote.service.DriverService$Builder.build(DriverService.java:437)
	at org.openqa.selenium.chrome.ChromeDriverService.createDefaultService(ChromeDriverService.java:127)
	at org.openqa.selenium.chrome.ChromeDriver.&lt;init&gt;(ChromeDriver.java:48)
	at StepDefinitions.ControllerGeneral.browserSetup(ControllerGeneral.java:57)

java.lang.NullPointerException: Cannot invoke "org.openqa.selenium.WebDriver.close()" because "this.driver" is null
	at StepDefinitions.ControllerGeneral.teardown(ControllerGeneral.java:39)

</error>
      </testcase>
      <testcase name="Open Main Menu with name Pro Tools" classname="feature to test google search functionality #2" time="0.009">
        <error>java.lang.IllegalStateException: The driver executable must exist: /Users/rifan.meldiana/Documents/rifan selenium/SeleniumUI/src/test/resources/drivers/chromedriver.exe
	at org.openqa.selenium.internal.Require$FileStateChecker.isFile(Require.java:342)
	at org.openqa.selenium.remote.service.DriverService.checkExecutable(DriverService.java:147)
	at org.openqa.selenium.remote.service.DriverService.findExecutable(DriverService.java:142)
	at org.openqa.selenium.chrome.ChromeDriverService.access$000(ChromeDriverService.java:38)
	at org.openqa.selenium.chrome.ChromeDriverService$Builder.findDefaultExecutable(ChromeDriverService.java:231)
	at org.openqa.selenium.remote.service.DriverService$Builder.build(DriverService.java:437)
	at org.openqa.selenium.chrome.ChromeDriverService.createDefaultService(ChromeDriverService.java:127)
	at org.openqa.selenium.chrome.ChromeDriver.&lt;init&gt;(ChromeDriver.java:48)
	at StepDefinitions.ControllerGeneral.browserSetup(ControllerGeneral.java:57)

java.lang.NullPointerException: Cannot invoke "org.openqa.selenium.WebDriver.close()" because "this.driver" is null
	at StepDefinitions.ControllerGeneral.teardown(ControllerGeneral.java:39)

</error>
      </testcase>
    </testsuite>
  </testsuite>
</testrun>
